2024-01-23T14:49:01.287114+0800|DEBUG|详细调试信息
2024-01-23T14:49:01.288114+0800|INFO|普通信息
2024-01-23T14:49:01.288114+0800|SUCCESS|成功信息
2024-01-23T14:49:01.288114+0800|WARNING|警告信息
2024-01-23T14:49:01.288114+0800|ERROR|错误信息
2024-01-23T14:49:01.288114+0800|CRITICAL|严重错误信息
2024-01-24T20:37:17.156900+0800|SUCCESS|TuneQuest Service Started
2024-01-24T20:59:58.504675+0800|SUCCESS|TuneQuest Service Started
2024-01-25T20:16:31.821226+0800|SUCCESS|TuneQuest Service Started
2024-01-25T20:20:17.792435+0800|SUCCESS|TuneQuest Service Started
2024-01-25T20:28:44.506656+0800|SUCCESS|TuneQuest Service Started
2024-01-25T20:29:43.553929+0800|SUCCESS|TuneQuest Service Started
2024-01-25T20:35:45.379645+0800|SUCCESS|TuneQuest Service Started
2024-01-25T20:38:26.202963+0800|SUCCESS|TuneQuest Service Started
2024-01-25T20:41:26.049610+0800|SUCCESS|TuneQuest Service Started
2024-01-25T20:45:00.776130+0800|SUCCESS|TuneQuest Service Started
2024-03-31T10:17:23.505307+0800|SUCCESS|TuneQuest Service Started
2024-03-31T10:21:14.114267+0800|SUCCESS|TuneQuest Service Started
2024-03-31T17:53:43.516274+0800|SUCCESS|TuneQuest Service Started
2024-03-31T17:54:02.523155+0800|SUCCESS|TuneQuest Service Started
2024-03-31T17:54:32.547220+0800|SUCCESS|TuneQuest Service Started
2024-03-31T18:20:21.385357+0800|SUCCESS|TuneQuest Service Started
2024-03-31T18:21:08.938749+0800|SUCCESS|TuneQuest Service Started
2024-03-31T18:39:50.982080+0800|SUCCESS|TuneQuest Service Started
2024-03-31T18:51:12.207600+0800|SUCCESS|TuneQuest Service Started
2024-03-31T19:10:50.877701+0800|SUCCESS|TuneQuest Service Started
2024-03-31T19:12:20.406017+0800|SUCCESS|TuneQuest Service Started
2024-03-31T19:16:23.488865+0800|SUCCESS|TuneQuest Service Started
2024-04-03T11:21:43.340882+0800|SUCCESS|TuneQuest Service Started
2024-04-03T11:22:51.837179+0800|SUCCESS|TuneQuest Service Started
2024-04-03T11:34:53.348380+0800|SUCCESS|TuneQuest Service Started
2024-04-06T14:42:42.843154+0800|SUCCESS|TuneQuest Service Started
2024-04-22T16:02:12.533281+0800|SUCCESS|TuneQuest Service Started
2024-04-27T17:28:50.938702+0800|SUCCESS|TuneQuest Service Started
2024-04-27T17:29:03.183932+0800|SUCCESS|TuneQuest Service Started
2024-04-29T00:38:32.557382+0800|SUCCESS|TuneQuest Service Started
2024-04-29T00:42:28.357633+0800|SUCCESS|TuneQuest Service Started
2024-04-29T00:53:38.047959+0800|SUCCESS|TuneQuest Service Started
2024-04-29T00:58:47.346599+0800|SUCCESS|TuneQuest Service Started
2024-04-29T01:03:54.415218+0800|SUCCESS|TuneQuest Service Started
2024-04-30T11:15:00.271469+0800|SUCCESS|TuneQuest Service Started
2024-05-01T16:29:07.428972+0800|SUCCESS|TuneQuest Service Started
2024-05-01T17:24:45.879175+0800|SUCCESS|TuneQuest Service Started
2024-05-01T17:31:03.332837+0800|SUCCESS|TuneQuest Service Started
2024-05-01T17:34:42.068137+0800|SUCCESS|TuneQuest Service Started
2024-05-01T17:35:59.650947+0800|SUCCESS|TuneQuest Service Started
2024-05-01T17:40:21.325330+0800|SUCCESS|TuneQuest Service Started
2024-05-01T17:41:11.364058+0800|SUCCESS|TuneQuest Service Started
2024-05-01T17:42:42.648851+0800|SUCCESS|TuneQuest Service Started
2024-05-01T17:45:16.858959+0800|SUCCESS|TuneQuest Service Started
2024-05-01T17:51:21.826683+0800|SUCCESS|TuneQuest Service Started
2024-05-01T18:02:03.338687+0800|SUCCESS|TuneQuest Service Started
2024-05-01T18:06:34.750492+0800|SUCCESS|TuneQuest Service Started
2024-05-01T19:00:55.419019+0800|SUCCESS|TuneQuest Service Started
2024-05-01T19:04:25.715614+0800|SUCCESS|TuneQuest Service Started
2024-05-01T19:06:31.281663+0800|SUCCESS|TuneQuest Service Started
2024-05-01T19:17:45.186187+0800|SUCCESS|TuneQuest Service Started
2024-05-01T19:23:01.284962+0800|SUCCESS|TuneQuest Service Started
2024-05-01T19:28:47.522119+0800|SUCCESS|TuneQuest Service Started
2024-05-01T19:29:30.079693+0800|SUCCESS|TuneQuest Service Started
2024-05-01T19:30:31.890047+0800|SUCCESS|TuneQuest Service Started
2024-05-01T19:41:51.967189+0800|SUCCESS|TuneQuest Service Started
2024-05-01T19:43:46.209996+0800|SUCCESS|TuneQuest Service Started
2024-05-01T19:45:20.766708+0800|SUCCESS|TuneQuest Service Started
2024-05-01T19:47:35.472935+0800|SUCCESS|TuneQuest Service Started
2024-05-01T19:48:13.563849+0800|SUCCESS|TuneQuest Service Started
2024-05-01T19:52:40.605400+0800|SUCCESS|TuneQuest Service Started
2024-05-01T19:53:16.568268+0800|SUCCESS|TuneQuest Service Started
2024-05-01T19:56:09.904352+0800|SUCCESS|TuneQuest Service Started
2024-05-01T19:56:45.330732+0800|SUCCESS|TuneQuest Service Started
2024-05-01T19:59:38.851454+0800|SUCCESS|TuneQuest Service Started
2024-05-01T20:00:24.721843+0800|SUCCESS|TuneQuest Service Started
2024-05-01T20:02:33.789396+0800|SUCCESS|TuneQuest Service Started
2024-05-01T20:06:05.305102+0800|SUCCESS|TuneQuest Service Started
2024-05-01T20:06:46.721641+0800|SUCCESS|TuneQuest Service Started
2024-05-01T20:09:55.769368+0800|SUCCESS|TuneQuest Service Started
2024-05-01T20:16:26.879973+0800|SUCCESS|TuneQuest Service Started
2024-05-01T20:17:24.756199+0800|SUCCESS|TuneQuest Service Started
2024-05-01T20:18:14.317778+0800|SUCCESS|TuneQuest Service Started
2024-05-01T20:19:07.052253+0800|SUCCESS|TuneQuest Service Started
2024-05-01T20:21:40.317535+0800|SUCCESS|TuneQuest Service Started
2024-05-01T20:22:04.882901+0800|SUCCESS|TuneQuest Service Started
2024-05-01T20:25:16.887876+0800|SUCCESS|TuneQuest Service Started
2024-05-01T20:30:30.289351+0800|SUCCESS|TuneQuest Service Started
2024-05-01T20:31:34.839645+0800|SUCCESS|TuneQuest Service Started
2024-05-01T20:34:45.717798+0800|SUCCESS|TuneQuest Service Started
2024-05-01T20:45:43.207085+0800|SUCCESS|TuneQuest Service Started
2024-05-01T21:11:09.002938+0800|SUCCESS|TuneQuest Service Started
2024-05-01T21:14:30.201664+0800|SUCCESS|TuneQuest Service Started
2024-05-01T21:18:19.041554+0800|SUCCESS|TuneQuest Service Started
2024-05-01T21:30:40.980662+0800|SUCCESS|TuneQuest Service Started
2024-05-01T21:33:35.272708+0800|SUCCESS|TuneQuest Service Started
2024-05-01T21:50:40.059617+0800|SUCCESS|TuneQuest Service Started
2024-05-01T21:52:50.456095+0800|SUCCESS|TuneQuest Service Started
2024-05-01T21:53:36.080859+0800|SUCCESS|TuneQuest Service Started
2024-05-01T21:54:32.283223+0800|SUCCESS|TuneQuest Service Started
2024-05-01T21:56:43.200625+0800|SUCCESS|TuneQuest Service Started
2024-05-01T21:57:04.595919+0800|SUCCESS|TuneQuest Service Started
2024-05-01T21:59:17.328675+0800|SUCCESS|TuneQuest Service Started
2024-05-01T22:20:21.387764+0800|SUCCESS|TuneQuest Service Started
2024-05-01T22:22:01.051616+0800|SUCCESS|TuneQuest Service Started
2024-05-01T22:22:38.665656+0800|SUCCESS|TuneQuest Service Started
2024-05-01T22:23:59.417472+0800|SUCCESS|TuneQuest Service Started
2024-05-01T22:25:03.180510+0800|SUCCESS|TuneQuest Service Started
2024-05-01T22:27:36.125849+0800|SUCCESS|TuneQuest Service Started
2024-05-01T22:28:12.094909+0800|SUCCESS|TuneQuest Service Started
2024-05-01T22:28:43.023033+0800|SUCCESS|TuneQuest Service Started
2024-05-01T22:29:04.486084+0800|SUCCESS|TuneQuest Service Started
2024-05-01T22:30:31.884571+0800|SUCCESS|TuneQuest Service Started
2024-05-01T22:32:07.616742+0800|SUCCESS|TuneQuest Service Started
2024-05-01T22:33:11.657440+0800|SUCCESS|TuneQuest Service Started
2024-05-01T23:43:37.775086+0800|SUCCESS|TuneQuest Service Started
2024-05-01T23:45:37.293414+0800|SUCCESS|TuneQuest Service Started
2024-05-02T00:49:53.832548+0800|SUCCESS|TuneQuest Service Started
2024-05-02T01:52:15.372769+0800|SUCCESS|TuneQuest Service Started
2024-05-02T01:54:38.652784+0800|SUCCESS|TuneQuest Service Started
2024-05-02T01:55:12.449197+0800|SUCCESS|TuneQuest Service Started
2024-05-02T01:57:31.218742+0800|SUCCESS|TuneQuest Service Started
2024-05-02T01:58:34.718385+0800|SUCCESS|TuneQuest Service Started
2024-05-02T01:59:17.172877+0800|SUCCESS|TuneQuest Service Started
2024-05-02T02:04:33.813793+0800|SUCCESS|TuneQuest Service Started
2024-05-02T02:05:01.118018+0800|SUCCESS|TuneQuest Service Started
2024-05-02T02:06:19.157191+0800|SUCCESS|TuneQuest Service Started
2024-05-02T02:07:51.404853+0800|SUCCESS|TuneQuest Service Started
2024-05-02T02:11:25.842163+0800|SUCCESS|TuneQuest Service Started
2024-05-02T02:13:14.255424+0800|SUCCESS|TuneQuest Service Started
2024-05-02T02:14:36.307891+0800|SUCCESS|TuneQuest Service Started
2024-05-02T02:18:04.872600+0800|SUCCESS|TuneQuest Service Started
2024-05-02T02:19:20.981815+0800|SUCCESS|TuneQuest Service Started
2024-05-02T02:38:59.904978+0800|SUCCESS|TuneQuest Service Started
2024-05-02T02:42:16.871419+0800|SUCCESS|TuneQuest Service Started
2024-05-02T02:46:47.424822+0800|SUCCESS|TuneQuest Service Started
2024-05-02T02:47:21.687117+0800|SUCCESS|TuneQuest Service Started
2024-05-02T02:48:37.798830+0800|SUCCESS|TuneQuest Service Started
2024-05-02T02:53:33.219286+0800|SUCCESS|TuneQuest Service Started
2024-05-02T02:55:10.791374+0800|SUCCESS|TuneQuest Service Started
2024-05-02T03:03:20.458615+0800|SUCCESS|TuneQuest Service Started
2024-05-02T03:05:44.354885+0800|SUCCESS|TuneQuest Service Started
2024-05-02T03:08:06.908074+0800|SUCCESS|TuneQuest Service Started
2024-05-02T03:09:12.558702+0800|SUCCESS|TuneQuest Service Started
2024-05-02T03:11:45.461755+0800|SUCCESS|TuneQuest Service Started
2024-05-02T03:13:50.607507+0800|SUCCESS|TuneQuest Service Started
2024-05-02T03:17:57.062855+0800|SUCCESS|TuneQuest Service Started
2024-05-02T03:21:39.645053+0800|SUCCESS|TuneQuest Service Started
2024-05-02T03:23:30.319429+0800|SUCCESS|TuneQuest Service Started
2024-05-02T03:24:06.261173+0800|SUCCESS|TuneQuest Service Started
2024-05-02T03:24:28.642053+0800|SUCCESS|TuneQuest Service Started
2024-05-02T03:26:13.502090+0800|SUCCESS|TuneQuest Service Started
2024-05-02T03:29:08.489879+0800|SUCCESS|TuneQuest Service Started
2024-05-02T03:30:45.099102+0800|SUCCESS|TuneQuest Service Started
2024-05-02T03:32:21.355633+0800|SUCCESS|TuneQuest Service Started
2024-05-02T03:47:14.502514+0800|SUCCESS|TuneQuest Service Started
2024-05-02T03:48:36.066982+0800|SUCCESS|TuneQuest Service Started
2024-05-02T05:03:08.080576+0800|SUCCESS|TuneQuest Service Started
2024-05-02T05:40:19.600339+0800|SUCCESS|TuneQuest Service Started
2024-05-02T19:35:02.044424+0800|SUCCESS|TuneQuest Service Started
2024-05-02T19:37:35.967955+0800|SUCCESS|TuneQuest Service Started
2024-05-06T17:21:48.425219+0800|SUCCESS|TuneQuest Service Started
2024-05-06T17:37:41.660034+0800|SUCCESS|TuneQuest Service Started
2024-05-06T18:00:36.438146+0800|SUCCESS|TuneQuest Service Started
2024-05-06T18:09:13.276024+0800|SUCCESS|TuneQuest Service Started
2024-05-06T18:32:34.842147+0800|SUCCESS|TuneQuest Service Started
2024-05-06T18:35:01.821406+0800|SUCCESS|TuneQuest Service Started
2024-05-06T19:28:13.145841+0800|SUCCESS|TuneQuest Service Started
2024-05-06T19:48:30.502747+0800|SUCCESS|TuneQuest Service Started
2024-05-06T23:23:20.507547+0800|SUCCESS|TuneQuest Service Started
2024-05-06T23:48:27.933962+0800|SUCCESS|TuneQuest Service Started
2024-05-06T23:51:11.198833+0800|SUCCESS|TuneQuest Service Started
2024-05-06T23:53:58.009408+0800|SUCCESS|TuneQuest Service Started
2024-05-06T23:55:18.301255+0800|SUCCESS|TuneQuest Service Started
2024-05-06T23:59:14.775094+0800|SUCCESS|TuneQuest Service Started
2024-05-07T00:08:11.064836+0800|SUCCESS|TuneQuest Service Started
2024-05-07T00:10:10.491330+0800|SUCCESS|TuneQuest Service Started
2024-05-07T00:52:31.936201+0800|SUCCESS|TuneQuest Service Started
2024-05-07T01:11:17.019246+0800|SUCCESS|TuneQuest Service Started
2024-05-07T01:12:33.604526+0800|SUCCESS|TuneQuest Service Started
2024-05-07T02:00:53.523802+0800|SUCCESS|TuneQuest Service Started
2024-05-07T02:31:38.012565+0800|SUCCESS|TuneQuest Service Started
